<?xml version="1.0" encoding="UTF-8"?>
<Site BuildName="(empty)"
	BuildStamp="20231017-0333-Experimental"
	Name="(empty)"
	Generator="ctest-3.22.1"
	CompilerName=""
	CompilerVersion=""
	OSName="Linux"
	Hostname="Alex-Stone"
	OSRelease="5.15.90.1-microsoft-standard-WSL2"
	OSVersion="#1 SMP Fri Jan 27 02:56:13 UTC 2023"
	OSPlatform="x86_64"
	Is64Bits="1"
	VendorString="GenuineIntel"
	VendorID="Intel Corporation"
	FamilyID="6"
	ModelID="154"
	ProcessorCacheSize="24576"
	NumberOfLogicalCPU="20"
	NumberOfPhysicalCPU="10"
	TotalVirtualMemory="8192"
	TotalPhysicalMemory="7838"
	LogicalProcessorsPerPhysical="2"
	ProcessorClockFrequency="2688"
	>
	<Testing>
		<StartDateTime>Oct 17 21:59 CST</StartDateTime>
		<StartTestTime>1697551199</StartTestTime>
		<TestList>
			<Test>./test/TestBuffer</Test>
		</TestList>
		<Test Status="passed">
			<Name>TestBuffer</Name>
			<Path>./test</Path>
			<FullName>./test/TestBuffer</FullName>
			<FullCommandLine>/root/demo/bin/TestBuffer</FullCommandLine>
			<Results>
				<NamedMeasurement type="numeric/double" name="Execution Time">
					<Value>0.00122471</Value>
				</NamedMeasurement>
				<NamedMeasurement type="numeric/double" name="Processors">
					<Value>1</Value>
				</NamedMeasurement>
				<NamedMeasurement type="text/string" name="Completion Status">
					<Value>Completed</Value>
				</NamedMeasurement>
				<NamedMeasurement type="text/string" name="Command Line">
					<Value>/root/demo/bin/TestBuffer</Value>
				</NamedMeasurement>
				<NamedMeasurement type="text/string" name="Environment">
					<Value>#CTEST_RESOURCE_GROUP_COUNT=</Value>
				</NamedMeasurement>
				<Measurement>
					<Value>GET /path/to/resource HTTP/1.1Method:Host:
Path:example.com
HTTP Version:
Headers:
Accept:text/html
Connection:close
Content-Length:12
User-Agent:YourUserAgent
Request Body:


hello world
</Value>
				</Measurement>
			</Results>
		</Test>
		<EndDateTime>Oct 17 21:59 CST</EndDateTime>
		<EndTestTime>1697551199</EndTestTime>
		<ElapsedMinutes>0</ElapsedMinutes>
	</Testing>
</Site>
