Start testing: Oct 17 21:59 CST
----------------------------------------------------------
1/1 Testing: TestBuffer
1/1 Test: TestBuffer
Command: "/root/demo/bin/TestBuffer"
Directory: /root/demo/build/test
"TestBuffer" start time: Oct 17 21:59 CST
Output:
----------------------------------------------------------
GET /path/to/resource HTTP/1.1Method:Host:
Path:example.com
HTTP Version:
Headers:
Accept:text/html
Connection:close
Content-Length:12
User-Agent:YourUserAgent
Request Body:


hello world
<end of output>
Test time =   0.00 sec
----------------------------------------------------------
Test Passed.
"TestBuffer" end time: Oct 17 21:59 CST
"TestBuffer" time elapsed: 00:00:00
----------------------------------------------------------

End testing: Oct 17 21:59 CST
