Start testing: Oct 17 15:23 CST
----------------------------------------------------------
1/1 Testing: TestBuffer
1/1 Test: TestBuffer
Command: "/root/demo/bin/TestBuffer"
Directory: /root/demo/build/test
"TestBuffer" start time: Oct 17 15:23 CST
Output:
----------------------------------------------------------
 Y¾@read nums : 18446744073709551615

 
 
 
 
 
 
 
 
 
 
 
 
 
 
 
hello world
<end of output>
Test time =   0.00 sec
----------------------------------------------------------
Test Passed.
"TestBuffer" end time: Oct 17 15:23 CST
"TestBuffer" time elapsed: 00:00:00
----------------------------------------------------------

End testing: Oct 17 15:23 CST
