Start testing: Oct 17 14:57 CST
----------------------------------------------------------
1/1 Testing: TestBuffer
1/1 Test: TestBuffer
Command: "/root/demo/bin/TestBuffer"
Directory: /root/demo/build/test
"TestBuffer" start time: Oct 17 14:57 CST
Output:
----------------------------------------------------------
2
12
<end of output>
Test time =   0.00 sec
----------------------------------------------------------
Test Failed.
"TestBuffer" end time: Oct 17 14:57 CST
"TestBuffer" time elapsed: 00:00:00
----------------------------------------------------------

End testing: Oct 17 14:57 CST
